  SceneManager.cpp
C:\Users\Brady\OneDrive\Desktop\CS330Content2025\Projects\7-1_FinalProjectMilestones\Source\SceneManager.cpp(256,16): warning C4018: '<': signed/unsigned mismatch
C:\Users\Brady\OneDrive\Desktop\CS330Content2025\Projects\7-1_FinalProjectMilestones\Source\SceneManager.cpp(643,13): warning C4244: 'initializing': conversion from 'double' to 'float', possible loss of data
C:\Users\Brady\OneDrive\Desktop\CS330Content2025\Projects\7-1_FinalProjectMilestones\Source\SceneManager.cpp(747,31): warning C4305: 'argument': truncation from 'double' to 'float'
C:\Users\Brady\OneDrive\Desktop\CS330Content2025\Projects\7-1_FinalProjectMilestones\Source\SceneManager.cpp(747,24): warning C4305: 'argument': truncation from 'double' to 'float'
C:\Users\Brady\OneDrive\Desktop\CS330Content2025\Projects\7-1_FinalProjectMilestones\Source\SceneManager.cpp(747,17): warning C4305: 'argument': truncation from 'double' to 'float'
C:\Users\Brady\OneDrive\Desktop\CS330Content2025\Projects\7-1_FinalProjectMilestones\Source\SceneManager.cpp(817,31): warning C4305: 'argument': truncation from 'double' to 'float'
C:\Users\Brady\OneDrive\Desktop\CS330Content2025\Projects\7-1_FinalProjectMilestones\Source\SceneManager.cpp(817,24): warning C4305: 'argument': truncation from 'double' to 'float'
C:\Users\Brady\OneDrive\Desktop\CS330Content2025\Projects\7-1_FinalProjectMilestones\Source\SceneManager.cpp(817,17): warning C4305: 'argument': truncation from 'double' to 'float'
C:\Users\Brady\OneDrive\Desktop\CS330Content2025\Projects\7-1_FinalProjectMilestones\Source\SceneManager.cpp(892,29): warning C4305: 'argument': truncation from 'double' to 'float'
C:\Users\Brady\OneDrive\Desktop\CS330Content2025\Projects\7-1_FinalProjectMilestones\Source\SceneManager.cpp(892,23): warning C4305: 'argument': truncation from 'double' to 'float'
C:\Users\Brady\OneDrive\Desktop\CS330Content2025\Projects\7-1_FinalProjectMilestones\Source\SceneManager.cpp(892,17): warning C4305: 'argument': truncation from 'double' to 'float'
C:\Users\Brady\OneDrive\Desktop\CS330Content2025\Projects\7-1_FinalProjectMilestones\Source\SceneManager.cpp(924,29): warning C4305: 'argument': truncation from 'double' to 'float'
C:\Users\Brady\OneDrive\Desktop\CS330Content2025\Projects\7-1_FinalProjectMilestones\Source\SceneManager.cpp(924,23): warning C4305: 'argument': truncation from 'double' to 'float'
C:\Users\Brady\OneDrive\Desktop\CS330Content2025\Projects\7-1_FinalProjectMilestones\Source\SceneManager.cpp(924,17): warning C4305: 'argument': truncation from 'double' to 'float'
C:\Users\Brady\OneDrive\Desktop\CS330Content2025\Projects\7-1_FinalProjectMilestones\Source\SceneManager.cpp(956,29): warning C4305: 'argument': truncation from 'double' to 'float'
C:\Users\Brady\OneDrive\Desktop\CS330Content2025\Projects\7-1_FinalProjectMilestones\Source\SceneManager.cpp(956,23): warning C4305: 'argument': truncation from 'double' to 'float'
C:\Users\Brady\OneDrive\Desktop\CS330Content2025\Projects\7-1_FinalProjectMilestones\Source\SceneManager.cpp(956,17): warning C4305: 'argument': truncation from 'double' to 'float'
C:\Users\Brady\OneDrive\Desktop\CS330Content2025\Projects\7-1_FinalProjectMilestones\Source\SceneManager.cpp(988,29): warning C4305: 'argument': truncation from 'double' to 'float'
C:\Users\Brady\OneDrive\Desktop\CS330Content2025\Projects\7-1_FinalProjectMilestones\Source\SceneManager.cpp(988,23): warning C4305: 'argument': truncation from 'double' to 'float'
C:\Users\Brady\OneDrive\Desktop\CS330Content2025\Projects\7-1_FinalProjectMilestones\Source\SceneManager.cpp(988,17): warning C4305: 'argument': truncation from 'double' to 'float'
C:\Users\Brady\OneDrive\Desktop\CS330Content2025\Projects\7-1_FinalProjectMilestones\Source\SceneManager.cpp(1020,29): warning C4305: 'argument': truncation from 'double' to 'float'
C:\Users\Brady\OneDrive\Desktop\CS330Content2025\Projects\7-1_FinalProjectMilestones\Source\SceneManager.cpp(1020,23): warning C4305: 'argument': truncation from 'double' to 'float'
C:\Users\Brady\OneDrive\Desktop\CS330Content2025\Projects\7-1_FinalProjectMilestones\Source\SceneManager.cpp(1020,17): warning C4305: 'argument': truncation from 'double' to 'float'
C:\Users\Brady\OneDrive\Desktop\CS330Content2025\Projects\7-1_FinalProjectMilestones\Source\SceneManager.cpp(1121,31): warning C4305: 'argument': truncation from 'double' to 'float'
C:\Users\Brady\OneDrive\Desktop\CS330Content2025\Projects\7-1_FinalProjectMilestones\Source\SceneManager.cpp(1121,24): warning C4305: 'argument': truncation from 'double' to 'float'
C:\Users\Brady\OneDrive\Desktop\CS330Content2025\Projects\7-1_FinalProjectMilestones\Source\SceneManager.cpp(1121,17): warning C4305: 'argument': truncation from 'double' to 'float'
C:\Users\Brady\OneDrive\Desktop\CS330Content2025\Projects\7-1_FinalProjectMilestones\Source\SceneManager.cpp(1153,38): warning C4305: 'argument': truncation from 'double' to 'float'
C:\Users\Brady\OneDrive\Desktop\CS330Content2025\Projects\7-1_FinalProjectMilestones\Source\SceneManager.cpp(1153,31): warning C4305: 'argument': truncation from 'double' to 'float'
C:\Users\Brady\OneDrive\Desktop\CS330Content2025\Projects\7-1_FinalProjectMilestones\Source\SceneManager.cpp(1153,24): warning C4305: 'argument': truncation from 'double' to 'float'
C:\Users\Brady\OneDrive\Desktop\CS330Content2025\Projects\7-1_FinalProjectMilestones\Source\SceneManager.cpp(1153,17): warning C4305: 'argument': truncation from 'double' to 'float'
C:\Users\Brady\OneDrive\Desktop\CS330Content2025\Projects\7-1_FinalProjectMilestones\Source\SceneManager.cpp(1195,31): warning C4305: 'argument': truncation from 'double' to 'float'
C:\Users\Brady\OneDrive\Desktop\CS330Content2025\Projects\7-1_FinalProjectMilestones\Source\SceneManager.cpp(1195,24): warning C4305: 'argument': truncation from 'double' to 'float'
C:\Users\Brady\OneDrive\Desktop\CS330Content2025\Projects\7-1_FinalProjectMilestones\Source\SceneManager.cpp(1195,17): warning C4305: 'argument': truncation from 'double' to 'float'
C:\Users\Brady\OneDrive\Desktop\CS330Content2025\Projects\7-1_FinalProjectMilestones\Source\SceneManager.cpp(1280,29): warning C4305: 'argument': truncation from 'double' to 'float'
C:\Users\Brady\OneDrive\Desktop\CS330Content2025\Projects\7-1_FinalProjectMilestones\Source\SceneManager.cpp(1280,22): warning C4305: 'argument': truncation from 'double' to 'float'
C:\Users\Brady\OneDrive\Desktop\CS330Content2025\Projects\7-1_FinalProjectMilestones\Source\SceneManager.cpp(1322,29): warning C4305: 'argument': truncation from 'double' to 'float'
C:\Users\Brady\OneDrive\Desktop\CS330Content2025\Projects\7-1_FinalProjectMilestones\Source\SceneManager.cpp(1322,23): warning C4305: 'argument': truncation from 'double' to 'float'
C:\Users\Brady\OneDrive\Desktop\CS330Content2025\Projects\7-1_FinalProjectMilestones\Source\SceneManager.cpp(1322,17): warning C4305: 'argument': truncation from 'double' to 'float'
C:\Users\Brady\OneDrive\Desktop\CS330Content2025\Projects\7-1_FinalProjectMilestones\Source\SceneManager.cpp(1387,29): warning C4305: 'argument': truncation from 'double' to 'float'
C:\Users\Brady\OneDrive\Desktop\CS330Content2025\Projects\7-1_FinalProjectMilestones\Source\SceneManager.cpp(1387,23): warning C4305: 'argument': truncation from 'double' to 'float'
C:\Users\Brady\OneDrive\Desktop\CS330Content2025\Projects\7-1_FinalProjectMilestones\Source\SceneManager.cpp(1387,17): warning C4305: 'argument': truncation from 'double' to 'float'
C:\Users\Brady\OneDrive\Desktop\CS330Content2025\Projects\7-1_FinalProjectMilestones\Source\SceneManager.cpp(1419,29): warning C4305: 'argument': truncation from 'double' to 'float'
C:\Users\Brady\OneDrive\Desktop\CS330Content2025\Projects\7-1_FinalProjectMilestones\Source\SceneManager.cpp(1419,23): warning C4305: 'argument': truncation from 'double' to 'float'
C:\Users\Brady\OneDrive\Desktop\CS330Content2025\Projects\7-1_FinalProjectMilestones\Source\SceneManager.cpp(1419,17): warning C4305: 'argument': truncation from 'double' to 'float'
C:\Users\Brady\OneDrive\Desktop\CS330Content2025\Projects\7-1_FinalProjectMilestones\Source\SceneManager.cpp(1451,29): warning C4305: 'argument': truncation from 'double' to 'float'
C:\Users\Brady\OneDrive\Desktop\CS330Content2025\Projects\7-1_FinalProjectMilestones\Source\SceneManager.cpp(1451,23): warning C4305: 'argument': truncation from 'double' to 'float'
C:\Users\Brady\OneDrive\Desktop\CS330Content2025\Projects\7-1_FinalProjectMilestones\Source\SceneManager.cpp(1451,17): warning C4305: 'argument': truncation from 'double' to 'float'
C:\Users\Brady\OneDrive\Desktop\CS330Content2025\Projects\7-1_FinalProjectMilestones\Source\SceneManager.cpp(1483,29): warning C4305: 'argument': truncation from 'double' to 'float'
C:\Users\Brady\OneDrive\Desktop\CS330Content2025\Projects\7-1_FinalProjectMilestones\Source\SceneManager.cpp(1483,23): warning C4305: 'argument': truncation from 'double' to 'float'
C:\Users\Brady\OneDrive\Desktop\CS330Content2025\Projects\7-1_FinalProjectMilestones\Source\SceneManager.cpp(1483,17): warning C4305: 'argument': truncation from 'double' to 'float'
C:\Users\Brady\OneDrive\Desktop\CS330Content2025\Projects\7-1_FinalProjectMilestones\Source\SceneManager.cpp(1515,29): warning C4305: 'argument': truncation from 'double' to 'float'
C:\Users\Brady\OneDrive\Desktop\CS330Content2025\Projects\7-1_FinalProjectMilestones\Source\SceneManager.cpp(1515,23): warning C4305: 'argument': truncation from 'double' to 'float'
C:\Users\Brady\OneDrive\Desktop\CS330Content2025\Projects\7-1_FinalProjectMilestones\Source\SceneManager.cpp(1515,17): warning C4305: 'argument': truncation from 'double' to 'float'
C:\Users\Brady\OneDrive\Desktop\CS330Content2025\Projects\7-1_FinalProjectMilestones\Source\SceneManager.cpp(1548,29): warning C4305: 'argument': truncation from 'double' to 'float'
C:\Users\Brady\OneDrive\Desktop\CS330Content2025\Projects\7-1_FinalProjectMilestones\Source\SceneManager.cpp(1548,23): warning C4305: 'argument': truncation from 'double' to 'float'
C:\Users\Brady\OneDrive\Desktop\CS330Content2025\Projects\7-1_FinalProjectMilestones\Source\SceneManager.cpp(1548,17): warning C4305: 'argument': truncation from 'double' to 'float'
C:\Users\Brady\OneDrive\Desktop\CS330Content2025\Projects\7-1_FinalProjectMilestones\Source\SceneManager.cpp(1580,29): warning C4305: 'argument': truncation from 'double' to 'float'
C:\Users\Brady\OneDrive\Desktop\CS330Content2025\Projects\7-1_FinalProjectMilestones\Source\SceneManager.cpp(1580,23): warning C4305: 'argument': truncation from 'double' to 'float'
C:\Users\Brady\OneDrive\Desktop\CS330Content2025\Projects\7-1_FinalProjectMilestones\Source\SceneManager.cpp(1580,17): warning C4305: 'argument': truncation from 'double' to 'float'
C:\Users\Brady\OneDrive\Desktop\CS330Content2025\Projects\7-1_FinalProjectMilestones\Source\SceneManager.cpp(1613,29): warning C4305: 'argument': truncation from 'double' to 'float'
C:\Users\Brady\OneDrive\Desktop\CS330Content2025\Projects\7-1_FinalProjectMilestones\Source\SceneManager.cpp(1613,23): warning C4305: 'argument': truncation from 'double' to 'float'
C:\Users\Brady\OneDrive\Desktop\CS330Content2025\Projects\7-1_FinalProjectMilestones\Source\SceneManager.cpp(1613,17): warning C4305: 'argument': truncation from 'double' to 'float'
C:\Users\Brady\OneDrive\Desktop\CS330Content2025\Projects\7-1_FinalProjectMilestones\Source\SceneManager.cpp(1645,29): warning C4305: 'argument': truncation from 'double' to 'float'
C:\Users\Brady\OneDrive\Desktop\CS330Content2025\Projects\7-1_FinalProjectMilestones\Source\SceneManager.cpp(1645,23): warning C4305: 'argument': truncation from 'double' to 'float'
C:\Users\Brady\OneDrive\Desktop\CS330Content2025\Projects\7-1_FinalProjectMilestones\Source\SceneManager.cpp(1645,17): warning C4305: 'argument': truncation from 'double' to 'float'
C:\Users\Brady\OneDrive\Desktop\CS330Content2025\Projects\7-1_FinalProjectMilestones\Source\SceneManager.cpp(1677,29): warning C4305: 'argument': truncation from 'double' to 'float'
C:\Users\Brady\OneDrive\Desktop\CS330Content2025\Projects\7-1_FinalProjectMilestones\Source\SceneManager.cpp(1677,23): warning C4305: 'argument': truncation from 'double' to 'float'
C:\Users\Brady\OneDrive\Desktop\CS330Content2025\Projects\7-1_FinalProjectMilestones\Source\SceneManager.cpp(1677,17): warning C4305: 'argument': truncation from 'double' to 'float'
C:\Users\Brady\OneDrive\Desktop\CS330Content2025\Projects\7-1_FinalProjectMilestones\Source\SceneManager.cpp(1709,29): warning C4305: 'argument': truncation from 'double' to 'float'
C:\Users\Brady\OneDrive\Desktop\CS330Content2025\Projects\7-1_FinalProjectMilestones\Source\SceneManager.cpp(1709,23): warning C4305: 'argument': truncation from 'double' to 'float'
C:\Users\Brady\OneDrive\Desktop\CS330Content2025\Projects\7-1_FinalProjectMilestones\Source\SceneManager.cpp(1709,17): warning C4305: 'argument': truncation from 'double' to 'float'
C:\Users\Brady\OneDrive\Desktop\CS330Content2025\Projects\7-1_FinalProjectMilestones\Source\SceneManager.cpp(1751,29): warning C4305: 'argument': truncation from 'double' to 'float'
C:\Users\Brady\OneDrive\Desktop\CS330Content2025\Projects\7-1_FinalProjectMilestones\Source\SceneManager.cpp(1751,23): warning C4305: 'argument': truncation from 'double' to 'float'
C:\Users\Brady\OneDrive\Desktop\CS330Content2025\Projects\7-1_FinalProjectMilestones\Source\SceneManager.cpp(1751,17): warning C4305: 'argument': truncation from 'double' to 'float'
C:\Users\Brady\OneDrive\Desktop\CS330Content2025\Projects\7-1_FinalProjectMilestones\Source\SceneManager.cpp(1816,29): warning C4305: 'argument': truncation from 'double' to 'float'
C:\Users\Brady\OneDrive\Desktop\CS330Content2025\Projects\7-1_FinalProjectMilestones\Source\SceneManager.cpp(1816,23): warning C4305: 'argument': truncation from 'double' to 'float'
C:\Users\Brady\OneDrive\Desktop\CS330Content2025\Projects\7-1_FinalProjectMilestones\Source\SceneManager.cpp(1816,17): warning C4305: 'argument': truncation from 'double' to 'float'
C:\Users\Brady\OneDrive\Desktop\CS330Content2025\Projects\7-1_FinalProjectMilestones\Source\SceneManager.cpp(1848,29): warning C4305: 'argument': truncation from 'double' to 'float'
C:\Users\Brady\OneDrive\Desktop\CS330Content2025\Projects\7-1_FinalProjectMilestones\Source\SceneManager.cpp(1848,23): warning C4305: 'argument': truncation from 'double' to 'float'
C:\Users\Brady\OneDrive\Desktop\CS330Content2025\Projects\7-1_FinalProjectMilestones\Source\SceneManager.cpp(1848,17): warning C4305: 'argument': truncation from 'double' to 'float'
C:\Users\Brady\OneDrive\Desktop\CS330Content2025\Projects\7-1_FinalProjectMilestones\Source\SceneManager.cpp(1880,29): warning C4305: 'argument': truncation from 'double' to 'float'
C:\Users\Brady\OneDrive\Desktop\CS330Content2025\Projects\7-1_FinalProjectMilestones\Source\SceneManager.cpp(1880,23): warning C4305: 'argument': truncation from 'double' to 'float'
C:\Users\Brady\OneDrive\Desktop\CS330Content2025\Projects\7-1_FinalProjectMilestones\Source\SceneManager.cpp(1880,17): warning C4305: 'argument': truncation from 'double' to 'float'
C:\Users\Brady\OneDrive\Desktop\CS330Content2025\Projects\7-1_FinalProjectMilestones\Source\SceneManager.cpp(1912,29): warning C4305: 'argument': truncation from 'double' to 'float'
C:\Users\Brady\OneDrive\Desktop\CS330Content2025\Projects\7-1_FinalProjectMilestones\Source\SceneManager.cpp(1912,23): warning C4305: 'argument': truncation from 'double' to 'float'
C:\Users\Brady\OneDrive\Desktop\CS330Content2025\Projects\7-1_FinalProjectMilestones\Source\SceneManager.cpp(1912,17): warning C4305: 'argument': truncation from 'double' to 'float'
C:\Users\Brady\OneDrive\Desktop\CS330Content2025\Projects\7-1_FinalProjectMilestones\Source\SceneManager.cpp(1944,29): warning C4305: 'argument': truncation from 'double' to 'float'
C:\Users\Brady\OneDrive\Desktop\CS330Content2025\Projects\7-1_FinalProjectMilestones\Source\SceneManager.cpp(1944,23): warning C4305: 'argument': truncation from 'double' to 'float'
C:\Users\Brady\OneDrive\Desktop\CS330Content2025\Projects\7-1_FinalProjectMilestones\Source\SceneManager.cpp(1944,17): warning C4305: 'argument': truncation from 'double' to 'float'
C:\Users\Brady\OneDrive\Desktop\CS330Content2025\Projects\7-1_FinalProjectMilestones\Source\SceneManager.cpp(1976,29): warning C4305: 'argument': truncation from 'double' to 'float'
C:\Users\Brady\OneDrive\Desktop\CS330Content2025\Projects\7-1_FinalProjectMilestones\Source\SceneManager.cpp(1976,23): warning C4305: 'argument': truncation from 'double' to 'float'
C:\Users\Brady\OneDrive\Desktop\CS330Content2025\Projects\7-1_FinalProjectMilestones\Source\SceneManager.cpp(1976,17): warning C4305: 'argument': truncation from 'double' to 'float'
C:\Users\Brady\OneDrive\Desktop\CS330Content2025\Projects\7-1_FinalProjectMilestones\Source\SceneManager.cpp(2008,29): warning C4305: 'argument': truncation from 'double' to 'float'
C:\Users\Brady\OneDrive\Desktop\CS330Content2025\Projects\7-1_FinalProjectMilestones\Source\SceneManager.cpp(2008,23): warning C4305: 'argument': truncation from 'double' to 'float'
C:\Users\Brady\OneDrive\Desktop\CS330Content2025\Projects\7-1_FinalProjectMilestones\Source\SceneManager.cpp(2008,17): warning C4305: 'argument': truncation from 'double' to 'float'
C:\Users\Brady\OneDrive\Desktop\CS330Content2025\Projects\7-1_FinalProjectMilestones\Source\SceneManager.cpp(2040,29): warning C4305: 'argument': truncation from 'double' to 'float'
C:\Users\Brady\OneDrive\Desktop\CS330Content2025\Projects\7-1_FinalProjectMilestones\Source\SceneManager.cpp(2040,23): warning C4305: 'argument': truncation from 'double' to 'float'
C:\Users\Brady\OneDrive\Desktop\CS330Content2025\Projects\7-1_FinalProjectMilestones\Source\SceneManager.cpp(2040,17): warning C4305: 'argument': truncation from 'double' to 'float'
C:\Users\Brady\OneDrive\Desktop\CS330Content2025\Projects\7-1_FinalProjectMilestones\Source\SceneManager.cpp(2072,29): warning C4305: 'argument': truncation from 'double' to 'float'
C:\Users\Brady\OneDrive\Desktop\CS330Content2025\Projects\7-1_FinalProjectMilestones\Source\SceneManager.cpp(2072,23): warning C4305: 'argument': truncation from 'double' to 'float'
C:\Users\Brady\OneDrive\Desktop\CS330Content2025\Projects\7-1_FinalProjectMilestones\Source\SceneManager.cpp(2072,17): warning C4305: 'argument': truncation from 'double' to 'float'
C:\Users\Brady\OneDrive\Desktop\CS330Content2025\Projects\7-1_FinalProjectMilestones\Source\SceneManager.cpp(2104,29): warning C4305: 'argument': truncation from 'double' to 'float'
C:\Users\Brady\OneDrive\Desktop\CS330Content2025\Projects\7-1_FinalProjectMilestones\Source\SceneManager.cpp(2104,23): warning C4305: 'argument': truncation from 'double' to 'float'
C:\Users\Brady\OneDrive\Desktop\CS330Content2025\Projects\7-1_FinalProjectMilestones\Source\SceneManager.cpp(2104,17): warning C4305: 'argument': truncation from 'double' to 'float'
C:\Users\Brady\OneDrive\Desktop\CS330Content2025\Projects\7-1_FinalProjectMilestones\Source\SceneManager.cpp(2136,29): warning C4305: 'argument': truncation from 'double' to 'float'
C:\Users\Brady\OneDrive\Desktop\CS330Content2025\Projects\7-1_FinalProjectMilestones\Source\SceneManager.cpp(2136,23): warning C4305: 'argument': truncation from 'double' to 'float'
C:\Users\Brady\OneDrive\Desktop\CS330Content2025\Projects\7-1_FinalProjectMilestones\Source\SceneManager.cpp(2136,17): warning C4305: 'argument': truncation from 'double' to 'float'
C:\Users\Brady\OneDrive\Desktop\CS330Content2025\Projects\7-1_FinalProjectMilestones\Source\SceneManager.cpp(2178,32): warning C4305: 'argument': truncation from 'double' to 'float'
C:\Users\Brady\OneDrive\Desktop\CS330Content2025\Projects\7-1_FinalProjectMilestones\Source\SceneManager.cpp(2178,27): warning C4305: 'argument': truncation from 'double' to 'float'
C:\Users\Brady\OneDrive\Desktop\CS330Content2025\Projects\7-1_FinalProjectMilestones\Source\SceneManager.cpp(2178,22): warning C4305: 'argument': truncation from 'double' to 'float'
C:\Users\Brady\OneDrive\Desktop\CS330Content2025\Projects\7-1_FinalProjectMilestones\Source\SceneManager.cpp(2178,17): warning C4305: 'argument': truncation from 'double' to 'float'
C:\Users\Brady\OneDrive\Desktop\CS330Content2025\Projects\7-1_FinalProjectMilestones\Source\SceneManager.cpp(2210,32): warning C4305: 'argument': truncation from 'double' to 'float'
C:\Users\Brady\OneDrive\Desktop\CS330Content2025\Projects\7-1_FinalProjectMilestones\Source\SceneManager.cpp(2210,27): warning C4305: 'argument': truncation from 'double' to 'float'
C:\Users\Brady\OneDrive\Desktop\CS330Content2025\Projects\7-1_FinalProjectMilestones\Source\SceneManager.cpp(2210,22): warning C4305: 'argument': truncation from 'double' to 'float'
C:\Users\Brady\OneDrive\Desktop\CS330Content2025\Projects\7-1_FinalProjectMilestones\Source\SceneManager.cpp(2210,17): warning C4305: 'argument': truncation from 'double' to 'float'
C:\Users\Brady\OneDrive\Desktop\CS330Content2025\Projects\7-1_FinalProjectMilestones\Source\SceneManager.cpp(2242,32): warning C4305: 'argument': truncation from 'double' to 'float'
C:\Users\Brady\OneDrive\Desktop\CS330Content2025\Projects\7-1_FinalProjectMilestones\Source\SceneManager.cpp(2242,27): warning C4305: 'argument': truncation from 'double' to 'float'
C:\Users\Brady\OneDrive\Desktop\CS330Content2025\Projects\7-1_FinalProjectMilestones\Source\SceneManager.cpp(2242,22): warning C4305: 'argument': truncation from 'double' to 'float'
C:\Users\Brady\OneDrive\Desktop\CS330Content2025\Projects\7-1_FinalProjectMilestones\Source\SceneManager.cpp(2242,17): warning C4305: 'argument': truncation from 'double' to 'float'
C:\Users\Brady\OneDrive\Desktop\CS330Content2025\Projects\7-1_FinalProjectMilestones\Source\SceneManager.cpp(2274,32): warning C4305: 'argument': truncation from 'double' to 'float'
C:\Users\Brady\OneDrive\Desktop\CS330Content2025\Projects\7-1_FinalProjectMilestones\Source\SceneManager.cpp(2274,27): warning C4305: 'argument': truncation from 'double' to 'float'
C:\Users\Brady\OneDrive\Desktop\CS330Content2025\Projects\7-1_FinalProjectMilestones\Source\SceneManager.cpp(2274,22): warning C4305: 'argument': truncation from 'double' to 'float'
C:\Users\Brady\OneDrive\Desktop\CS330Content2025\Projects\7-1_FinalProjectMilestones\Source\SceneManager.cpp(2274,17): warning C4305: 'argument': truncation from 'double' to 'float'
C:\Users\Brady\OneDrive\Desktop\CS330Content2025\Projects\7-1_FinalProjectMilestones\Source\SceneManager.cpp(2306,32): warning C4305: 'argument': truncation from 'double' to 'float'
C:\Users\Brady\OneDrive\Desktop\CS330Content2025\Projects\7-1_FinalProjectMilestones\Source\SceneManager.cpp(2306,27): warning C4305: 'argument': truncation from 'double' to 'float'
C:\Users\Brady\OneDrive\Desktop\CS330Content2025\Projects\7-1_FinalProjectMilestones\Source\SceneManager.cpp(2306,17): warning C4305: 'argument': truncation from 'double' to 'float'
C:\Users\Brady\OneDrive\Desktop\CS330Content2025\Projects\7-1_FinalProjectMilestones\Source\SceneManager.cpp(2338,32): warning C4305: 'argument': truncation from 'double' to 'float'
C:\Users\Brady\OneDrive\Desktop\CS330Content2025\Projects\7-1_FinalProjectMilestones\Source\SceneManager.cpp(2338,27): warning C4305: 'argument': truncation from 'double' to 'float'
C:\Users\Brady\OneDrive\Desktop\CS330Content2025\Projects\7-1_FinalProjectMilestones\Source\SceneManager.cpp(2338,22): warning C4305: 'argument': truncation from 'double' to 'float'
C:\Users\Brady\OneDrive\Desktop\CS330Content2025\Projects\7-1_FinalProjectMilestones\Source\SceneManager.cpp(2338,17): warning C4305: 'argument': truncation from 'double' to 'float'
C:\Users\Brady\OneDrive\Desktop\CS330Content2025\Projects\7-1_FinalProjectMilestones\Source\SceneManager.cpp(2380,32): warning C4305: 'argument': truncation from 'double' to 'float'
C:\Users\Brady\OneDrive\Desktop\CS330Content2025\Projects\7-1_FinalProjectMilestones\Source\SceneManager.cpp(2380,27): warning C4305: 'argument': truncation from 'double' to 'float'
C:\Users\Brady\OneDrive\Desktop\CS330Content2025\Projects\7-1_FinalProjectMilestones\Source\SceneManager.cpp(2380,22): warning C4305: 'argument': truncation from 'double' to 'float'
C:\Users\Brady\OneDrive\Desktop\CS330Content2025\Projects\7-1_FinalProjectMilestones\Source\SceneManager.cpp(2380,17): warning C4305: 'argument': truncation from 'double' to 'float'
C:\Users\Brady\OneDrive\Desktop\CS330Content2025\Projects\7-1_FinalProjectMilestones\Source\SceneManager.cpp(2412,32): warning C4305: 'argument': truncation from 'double' to 'float'
C:\Users\Brady\OneDrive\Desktop\CS330Content2025\Projects\7-1_FinalProjectMilestones\Source\SceneManager.cpp(2412,27): warning C4305: 'argument': truncation from 'double' to 'float'
C:\Users\Brady\OneDrive\Desktop\CS330Content2025\Projects\7-1_FinalProjectMilestones\Source\SceneManager.cpp(2412,22): warning C4305: 'argument': truncation from 'double' to 'float'
C:\Users\Brady\OneDrive\Desktop\CS330Content2025\Projects\7-1_FinalProjectMilestones\Source\SceneManager.cpp(2412,17): warning C4305: 'argument': truncation from 'double' to 'float'
C:\Users\Brady\OneDrive\Desktop\CS330Content2025\Projects\7-1_FinalProjectMilestones\Source\SceneManager.cpp(2444,32): warning C4305: 'argument': truncation from 'double' to 'float'
C:\Users\Brady\OneDrive\Desktop\CS330Content2025\Projects\7-1_FinalProjectMilestones\Source\SceneManager.cpp(2444,27): warning C4305: 'argument': truncation from 'double' to 'float'
C:\Users\Brady\OneDrive\Desktop\CS330Content2025\Projects\7-1_FinalProjectMilestones\Source\SceneManager.cpp(2444,22): warning C4305: 'argument': truncation from 'double' to 'float'
C:\Users\Brady\OneDrive\Desktop\CS330Content2025\Projects\7-1_FinalProjectMilestones\Source\SceneManager.cpp(2444,17): warning C4305: 'argument': truncation from 'double' to 'float'
C:\Users\Brady\OneDrive\Desktop\CS330Content2025\Projects\7-1_FinalProjectMilestones\Source\SceneManager.cpp(2476,32): warning C4305: 'argument': truncation from 'double' to 'float'
C:\Users\Brady\OneDrive\Desktop\CS330Content2025\Projects\7-1_FinalProjectMilestones\Source\SceneManager.cpp(2476,27): warning C4305: 'argument': truncation from 'double' to 'float'
C:\Users\Brady\OneDrive\Desktop\CS330Content2025\Projects\7-1_FinalProjectMilestones\Source\SceneManager.cpp(2476,22): warning C4305: 'argument': truncation from 'double' to 'float'
C:\Users\Brady\OneDrive\Desktop\CS330Content2025\Projects\7-1_FinalProjectMilestones\Source\SceneManager.cpp(2476,17): warning C4305: 'argument': truncation from 'double' to 'float'
C:\Users\Brady\OneDrive\Desktop\CS330Content2025\Projects\7-1_FinalProjectMilestones\Source\SceneManager.cpp(2508,32): warning C4305: 'argument': truncation from 'double' to 'float'
C:\Users\Brady\OneDrive\Desktop\CS330Content2025\Projects\7-1_FinalProjectMilestones\Source\SceneManager.cpp(2508,27): warning C4305: 'argument': truncation from 'double' to 'float'
C:\Users\Brady\OneDrive\Desktop\CS330Content2025\Projects\7-1_FinalProjectMilestones\Source\SceneManager.cpp(2508,17): warning C4305: 'argument': truncation from 'double' to 'float'
C:\Users\Brady\OneDrive\Desktop\CS330Content2025\Projects\7-1_FinalProjectMilestones\Source\SceneManager.cpp(2540,32): warning C4305: 'argument': truncation from 'double' to 'float'
C:\Users\Brady\OneDrive\Desktop\CS330Content2025\Projects\7-1_FinalProjectMilestones\Source\SceneManager.cpp(2540,27): warning C4305: 'argument': truncation from 'double' to 'float'
C:\Users\Brady\OneDrive\Desktop\CS330Content2025\Projects\7-1_FinalProjectMilestones\Source\SceneManager.cpp(2540,22): warning C4305: 'argument': truncation from 'double' to 'float'
C:\Users\Brady\OneDrive\Desktop\CS330Content2025\Projects\7-1_FinalProjectMilestones\Source\SceneManager.cpp(2540,17): warning C4305: 'argument': truncation from 'double' to 'float'
  7-1_FinalProjectMilestones.vcxproj -> C:\Users\Brady\OneDrive\Desktop\CS330Content2025\Projects\7-1_FinalProjectMilestones\Debug\7-1_FinalProjectMilestones.exe
  Copy EXE to Solution Folder
          1 file(s) copied.
